<?xml version="1.0" encoding="UTF-8"?>
<testsuite name="com.springcloudconfig.SpringCloudConfigApplicationTests" tests="1" skipped="0" failures="0" errors="0" timestamp="2022-01-26T07:23:09" hostname="ML-C02GG026MD6N" time="0.333">
  <properties/>
  <testcase name="contextLoads()" classname="com.springcloudconfig.SpringCloudConfigApplicationTests" time="0.333"/>
  <system-out><![CDATA[23:23:06.920 [Test worker] DEBUG org.springframework.test.context.BootstrapUtils - Instantiating CacheAwareContextLoaderDelegate from class [org.springframework.test.context.cache.DefaultCacheAwareContextLoaderDelegate]
23:23:06.931 [Test worker] DEBUG org.springframework.test.context.BootstrapUtils - Instantiating BootstrapContext using constructor [public org.springframework.test.context.support.DefaultBootstrapContext(java.lang.Class,org.springframework.test.context.CacheAwareContextLoaderDelegate)]
23:23:06.961 [Test worker] DEBUG org.springframework.test.context.BootstrapUtils - Instantiating TestContextBootstrapper for test class [com.springcloudconfig.SpringCloudConfigApplicationTests] from class [org.springframework.boot.test.context.SpringBootTestContextBootstrapper]
23:23:06.971 [Test worker] INFO org.springframework.boot.test.context.SpringBootTestContextBootstrapper - Neither @ContextConfiguration nor @ContextHierarchy found for test class [com.springcloudconfig.SpringCloudConfigApplicationTests], using SpringBootContextLoader
23:23:06.975 [Test worker] DEBUG org.springframework.test.context.support.AbstractContextLoader - Did not detect default resource location for test class [com.springcloudconfig.SpringCloudConfigApplicationTests]: class path resource [com/springcloudconfig/SpringCloudConfigApplicationTests-context.xml] does not exist
23:23:06.975 [Test worker] DEBUG org.springframework.test.context.support.AbstractContextLoader - Did not detect default resource location for test class [com.springcloudconfig.SpringCloudConfigApplicationTests]: class path resource [com/springcloudconfig/SpringCloudConfigApplicationTestsContext.groovy] does not exist
23:23:06.976 [Test worker] INFO org.springframework.test.context.support.AbstractContextLoader - Could not detect default resource locations for test class [com.springcloudconfig.SpringCloudConfigApplicationTests]: no resource found for suffixes {-context.xml, Context.groovy}.
23:23:06.976 [Test worker] INFO org.springframework.test.context.support.AnnotationConfigContextLoaderUtils - Could not detect default configuration classes for test class [com.springcloudconfig.SpringCloudConfigApplicationTests]: SpringCloudConfigApplicationTests does not declare any static, non-private, non-final, nested classes annotated with @Configuration.
23:23:07.017 [Test worker] DEBUG org.springframework.test.context.support.ActiveProfilesUtils - Could not find an 'annotation declaring class' for annotation type [org.springframework.test.context.ActiveProfiles] and class [com.springcloudconfig.SpringCloudConfigApplicationTests]
23:23:07.066 [Test worker] DEBUG org.springframework.context.annotation.ClassPathScanningCandidateComponentProvider - Identified candidate component class: file [/Users/v.ganta/cssprojects/springconfigpoc/spring-cloud-config/build/classes/java/main/com/springcloudconfig/SpringCloudConfigApplication.class]
23:23:07.067 [Test worker] INFO org.springframework.boot.test.context.SpringBootTestContextBootstrapper - Found @SpringBootConfiguration com.springcloudconfig.SpringCloudConfigApplication for test class com.springcloudconfig.SpringCloudConfigApplicationTests
23:23:07.147 [Test worker] DEBUG org.springframework.boot.test.context.SpringBootTestContextBootstrapper - @TestExecutionListeners is not present for class [com.springcloudconfig.SpringCloudConfigApplicationTests]: using defaults.
23:23:07.147 [Test worker] INFO org.springframework.boot.test.context.SpringBootTestContextBootstrapper - Loaded default TestExecutionListener class names from location [META-INF/spring.factories]: [org.springframework.boot.test.autoconfigure.restdocs.RestDocsTestExecutionListener, org.springframework.boot.test.autoconfigure.web.client.MockRestServiceServerResetTestExecutionListener, org.springframework.boot.test.autoconfigure.web.servlet.MockMvcPrintOnlyOnFailureTestExecutionListener, org.springframework.boot.test.autoconfigure.web.servlet.WebDriverTestExecutionListener, org.springframework.boot.test.autoconfigure.webservices.client.MockWebServiceServerTestExecutionListener, org.springframework.boot.test.mock.mockito.MockitoTestExecutionListener, org.springframework.boot.test.mock.mockito.ResetMocksTestExecutionListener, org.springframework.test.context.web.ServletTestExecutionListener, org.springframework.test.context.support.DirtiesContextBeforeModesTestExecutionListener, org.springframework.test.context.event.ApplicationEventsTestExecutionListener, org.springframework.test.context.support.DependencyInjectionTestExecutionListener, org.springframework.test.context.support.DirtiesContextTestExecutionListener, org.springframework.test.context.transaction.TransactionalTestExecutionListener, org.springframework.test.context.jdbc.SqlScriptsTestExecutionListener, org.springframework.test.context.event.EventPublishingTestExecutionListener]
23:23:07.159 [Test worker] DEBUG org.springframework.boot.test.context.SpringBootTestContextBootstrapper - Skipping candidate TestExecutionListener [org.springframework.test.context.transaction.TransactionalTestExecutionListener] due to a missing dependency. Specify custom listener classes or make the default listener classes and their required dependencies available. Offending class: [org/springframework/transaction/TransactionDefinition]
23:23:07.160 [Test worker] DEBUG org.springframework.boot.test.context.SpringBootTestContextBootstrapper - Skipping candidate TestExecutionListener [org.springframework.test.context.jdbc.SqlScriptsTestExecutionListener] due to a missing dependency. Specify custom listener classes or make the default listener classes and their required dependencies available. Offending class: [org/springframework/transaction/interceptor/TransactionAttribute]
23:23:07.160 [Test worker] INFO org.springframework.boot.test.context.SpringBootTestContextBootstrapper - Using TestExecutionListeners: [org.springframework.test.context.web.ServletTestExecutionListener@4d411036, org.springframework.test.context.support.DirtiesContextBeforeModesTestExecutionListener@7adbd080, org.springframework.test.context.event.ApplicationEventsTestExecutionListener@41beb473, org.springframework.boot.test.mock.mockito.MockitoTestExecutionListener@560513ce, org.springframework.boot.test.autoconfigure.SpringBootDependencyInjectionTestExecutionListener@13006998, org.springframework.test.context.support.DirtiesContextTestExecutionListener@37fbe4a8, org.springframework.test.context.event.EventPublishingTestExecutionListener@352c308, org.springframework.boot.test.autoconfigure.restdocs.RestDocsTestExecutionListener@7d373bcf, org.springframework.boot.test.autoconfigure.web.client.MockRestServiceServerResetTestExecutionListener@6d6bc158, org.springframework.boot.test.autoconfigure.web.servlet.MockMvcPrintOnlyOnFailureTestExecutionListener@5dda6f9, org.springframework.boot.test.autoconfigure.web.servlet.WebDriverTestExecutionListener@10027fc9, org.springframework.boot.test.autoconfigure.webservices.client.MockWebServiceServerTestExecutionListener@54afd745, org.springframework.boot.test.mock.mockito.ResetMocksTestExecutionListener@677dbd89]
23:23:07.164 [Test worker] DEBUG org.springframework.test.context.support.AbstractDirtiesContextTestExecutionListener - Before test class: context [DefaultTestContext@525d79f0 testClass = SpringCloudConfigApplicationTests, testInstance = [null], testMethod = [null], testException = [null], mergedContextConfiguration = [WebMergedContextConfiguration@5149f008 testClass = SpringCloudConfigApplicationTests, locations = '{}', classes = '{class com.springcloudconfig.SpringCloudConfigApplication}', contextInitializerClasses = '[]', activeProfiles = '{}', propertySourceLocations = '{}', propertySourceProperties = '{org.springframework.boot.test.context.SpringBootTestContextBootstrapper=true}', contextCustomizers = set[org.springframework.boot.test.autoconfigure.actuate.metrics.MetricsExportContextCustomizerFactory$DisableMetricExportContextCustomizer@2e9fda69, org.springframework.boot.test.autoconfigure.properties.PropertyMappingContextCustomizer@0, org.springframework.boot.test.autoconfigure.web.servlet.WebDriverContextCustomizerFactory$Customizer@5733f295, org.springframework.boot.test.context.filter.ExcludeFilterContextCustomizer@19553973, org.springframework.boot.test.json.DuplicateJsonObjectContextCustomizerFactory$DuplicateJsonObjectContextCustomizer@4c4748bf, org.springframework.boot.test.mock.mockito.MockitoContextCustomizer@0, org.springframework.boot.test.web.client.TestRestTemplateContextCustomizer@57ac5227, org.springframework.boot.test.context.SpringBootTestArgs@1, org.springframework.boot.test.context.SpringBootTestWebEnvironment@f68f0dc], resourceBasePath = 'src/main/webapp', contextLoader = 'org.springframework.boot.test.context.SpringBootContextLoader', parent = [null]], attributes = map['org.springframework.test.context.web.ServletTestExecutionListener.activateListener' -> true]], class annotated with @DirtiesContext [false] with mode [null].

  .   ____          _            __ _ _
 /\\ / ___'_ __ _ _(_)_ __  __ _ \ \ \ \
( ( )\___ | '_ | '_| | '_ \/ _` | \ \ \ \
 \\/  ___)| |_)| | | | | || (_| |  ) ) ) )
  '  |____| .__|_| |_|_| |_\__, | / / / /
 =========|_|==============|___/=/_/_/_/
 :: Spring Boot ::                (v2.6.3)

2022-01-25 23:23:07.556  INFO 87211 --- [    Test worker] c.s.SpringCloudConfigApplicationTests    : Starting SpringCloudConfigApplicationTests using Java 11.0.12 on ML-C02GG026MD6N with PID 87211 (started by v.ganta in /Users/v.ganta/cssprojects/springconfigpoc/spring-cloud-config)
2022-01-25 23:23:07.557  INFO 87211 --- [    Test worker] c.s.SpringCloudConfigApplicationTests    : No active profile set, falling back to default profiles: default
2022-01-25 23:23:08.261  INFO 87211 --- [    Test worker] o.s.cloud.context.scope.GenericScope     : BeanFactory id=b64440f4-78de-33fc-9f94-23039bd9bc4f
2022-01-25 23:23:09.334  INFO 87211 --- [    Test worker] c.s.SpringCloudConfigApplicationTests    : Started SpringCloudConfigApplicationTests in 2.121 seconds (JVM running for 3.139)
]]></system-out>
  <system-err><![CDATA[]]></system-err>
</testsuite>
